2024-09-29 10:13:18.092 [main] INFO 
			api.TestCases.UserTests - ***********************Create a User***********************
2024-09-29 10:13:18.570 [main] INFO 
			api.TestCases.UserTests - ***********************User is Created***********************
2024-09-29 10:13:18.576 [main] INFO 
			api.TestCases.UserTests - ***********************Read a User***********************
2024-09-29 10:13:19.022 [main] INFO 
			api.TestCases.UserTests - ***********************Displayed the user***********************
2024-09-29 10:13:19.030 [main] INFO 
			api.TestCases.UserTests - ***********************Update a User***********************
2024-09-29 10:13:20.003 [main] INFO 
			api.TestCases.UserTests - ***********************User is updated***********************
2024-09-29 10:13:20.015 [main] INFO 
			api.TestCases.UserTests - ***********************Delete a User***********************
2024-09-29 10:13:20.491 [main] INFO 
			api.TestCases.UserTests - ***********************User is Deleted***********************
2024-09-29 14:37:55.974 [main] INFO 
			api.TestCases.UserTests2 - ***********************Create a User***********************
2024-09-29 14:37:58.486 [main] INFO 
			api.TestCases.UserTests2 - ***********************Read a User***********************
2024-09-29 14:37:58.954 [main] INFO 
			api.TestCases.UserTests2 - ***********************Update a User***********************
2024-09-29 14:37:59.863 [main] INFO 
			api.TestCases.UserTests2 - ***********************User is updated***********************
2024-09-29 14:37:59.869 [main] INFO 
			api.TestCases.UserTests2 - ***********************Delete a User***********************
2024-09-29 14:49:31.025 [main] INFO 
			api.TestCases.UserTests2 - ***********************Create a User***********************
2024-09-29 14:49:33.528 [main] INFO 
			api.TestCases.UserTests2 - ***********************Read a User***********************
2024-09-29 14:49:33.978 [main] INFO 
			api.TestCases.UserTests2 - ***********************Update a User***********************
2024-09-29 14:49:34.830 [main] INFO 
			api.TestCases.UserTests2 - ***********************User is updated***********************
2024-09-29 14:49:34.834 [main] INFO 
			api.TestCases.UserTests2 - ***********************Delete a User***********************
2024-09-29 14:56:30.482 [main] INFO 
			api.TestCases.UserTests - ***********************Create a User***********************
2024-09-29 14:56:33.031 [main] INFO 
			api.TestCases.UserTests - ***********************User is Created***********************
2024-09-29 14:56:33.041 [main] INFO 
			api.TestCases.UserTests - ***********************Read a User***********************
2024-09-29 14:56:33.495 [main] INFO 
			api.TestCases.UserTests - ***********************Displayed the user***********************
2024-09-29 14:56:33.504 [main] INFO 
			api.TestCases.UserTests - ***********************Update a User***********************
2024-09-29 14:56:34.376 [main] INFO 
			api.TestCases.UserTests - ***********************User is updated***********************
2024-09-29 14:56:34.380 [main] INFO 
			api.TestCases.UserTests - ***********************Delete a User***********************
2024-09-29 14:56:34.808 [main] INFO 
			api.TestCases.UserTests - ***********************User is Deleted***********************
2024-09-29 16:46:14.906 [main] INFO 
			api.TestCases.UserTests2 - ***********************Create a User***********************
2024-09-29 16:46:19.085 [main] INFO 
			api.TestCases.UserTests2 - ***********************Read a User***********************
2024-09-29 16:46:19.633 [main] INFO 
			api.TestCases.UserTests2 - ***********************Update a User***********************
2024-09-29 16:46:20.574 [main] INFO 
			api.TestCases.UserTests2 - ***********************User is updated***********************
2024-09-29 16:46:20.586 [main] INFO 
			api.TestCases.UserTests2 - ***********************Delete a User***********************
2024-09-29 16:49:02.447 [main] INFO 
			api.TestCases.UserTests2 - ***********************Create a User***********************
2024-09-29 16:49:06.716 [main] INFO 
			api.TestCases.UserTests2 - ***********************Read a User***********************
2024-09-29 16:49:07.222 [main] INFO 
			api.TestCases.UserTests2 - ***********************Update a User***********************
2024-09-29 16:49:08.141 [main] INFO 
			api.TestCases.UserTests2 - ***********************User is updated***********************
2024-09-29 16:49:08.155 [main] INFO 
			api.TestCases.UserTests2 - ***********************Delete a User***********************
2024-09-29 16:55:50.723 [main] INFO 
			api.TestCases.UserTests2 - ***********************Create a User***********************
2024-09-29 16:55:55.103 [main] INFO 
			api.TestCases.UserTests2 - ***********************Read a User***********************
2024-09-29 16:55:55.630 [main] INFO 
			api.TestCases.UserTests2 - ***********************Update a User***********************
2024-09-29 16:55:56.577 [main] INFO 
			api.TestCases.UserTests2 - ***********************Delete a User***********************
2024-09-29 16:57:06.799 [main] INFO 
			api.TestCases.UserTests2 - ***********************Create a User***********************
2024-09-29 16:57:10.717 [main] INFO 
			api.TestCases.UserTests2 - ***********************Read a User***********************
2024-09-29 16:57:11.224 [main] INFO 
			api.TestCases.UserTests2 - ***********************Update a User***********************
2024-09-29 16:57:12.165 [main] INFO 
			api.TestCases.UserTests2 - ***********************Delete a User***********************
2024-09-29 17:29:17.645 [main] INFO 
			api.TestCases.UserTests2 - ***********************Create a User***********************
2024-09-29 17:29:22.532 [main] INFO 
			api.TestCases.UserTests2 - ***********************Read a User***********************
2024-09-29 17:29:23.151 [main] INFO 
			api.TestCases.UserTests2 - ***********************Update a User***********************
2024-09-29 17:29:24.124 [main] INFO 
			api.TestCases.UserTests2 - ***********************Delete a User***********************
2024-09-29 17:32:16.314 [main] INFO 
			api.TestCases.UserTests2 - ***********************Create a User***********************
2024-09-29 17:32:20.845 [main] INFO 
			api.TestCases.UserTests2 - ***********************User is Created***********************
2024-09-29 17:32:20.871 [main] INFO 
			api.TestCases.UserTests2 - ***********************Read a User***********************
2024-09-29 17:32:21.394 [main] INFO 
			api.TestCases.UserTests2 - ***********************Displayed the user***********************
2024-09-29 17:32:21.415 [main] INFO 
			api.TestCases.UserTests2 - ***********************Update a User***********************
2024-09-29 17:32:22.441 [main] INFO 
			api.TestCases.UserTests2 - ***********************User is updated***********************
2024-09-29 17:32:22.454 [main] INFO 
			api.TestCases.UserTests2 - ***********************Delete a User***********************
2024-09-29 17:32:22.937 [main] INFO 
			api.TestCases.UserTests2 - ***********************User is Deleted***********************
2024-09-29 17:32:45.813 [main] INFO 
			api.TestCases.UserTests2 - ***********************Create a User***********************
2024-09-29 17:32:50.080 [main] INFO 
			api.TestCases.UserTests2 - ***********************User is Created***********************
2024-09-29 17:32:50.106 [main] INFO 
			api.TestCases.UserTests2 - ***********************Read a User***********************
2024-09-29 17:32:50.615 [main] INFO 
			api.TestCases.UserTests2 - ***********************Displayed the user***********************
2024-09-29 17:32:50.634 [main] INFO 
			api.TestCases.UserTests2 - ***********************Update a User***********************
2024-09-29 17:32:51.642 [main] INFO 
			api.TestCases.UserTests2 - ***********************User is updated***********************
2024-09-29 17:32:51.652 [main] INFO 
			api.TestCases.UserTests2 - ***********************Delete a User***********************
2024-09-29 17:32:52.117 [main] INFO 
			api.TestCases.UserTests2 - ***********************User is Deleted***********************
2024-09-30 09:42:24.052 [main] INFO 
			api.TestCases.UserTests2 - ***********************Create a User***********************
2024-09-30 09:42:26.518 [main] INFO 
			api.TestCases.UserTests2 - ***********************User is Created***********************
2024-09-30 09:42:26.526 [main] INFO 
			api.TestCases.UserTests2 - ***********************Read a User***********************
2024-09-30 09:42:26.976 [main] INFO 
			api.TestCases.UserTests2 - ***********************Displayed the user***********************
2024-09-30 09:42:26.979 [main] INFO 
			api.TestCases.UserTests2 - ***********************Update a User***********************
2024-09-30 09:42:27.835 [main] INFO 
			api.TestCases.UserTests2 - ***********************User is updated***********************
2024-09-30 09:42:27.837 [main] INFO 
			api.TestCases.UserTests2 - ***********************Delete a User***********************
2024-09-30 09:42:28.262 [main] INFO 
			api.TestCases.UserTests2 - ***********************User is Deleted***********************
2024-09-30 13:08:03.264 [main] INFO 
			api.TestCases.UserTests2 - ***********************Create a User***********************
2024-09-30 13:08:07.681 [main] INFO 
			api.TestCases.UserTests2 - ***********************User is Created***********************
2024-09-30 13:08:07.697 [main] INFO 
			api.TestCases.UserTests2 - ***********************Read a User***********************
2024-09-30 13:08:08.185 [main] INFO 
			api.TestCases.UserTests2 - ***********************Displayed the user***********************
2024-09-30 13:08:08.197 [main] INFO 
			api.TestCases.UserTests2 - ***********************Update a User***********************
2024-09-30 13:08:09.138 [main] INFO 
			api.TestCases.UserTests2 - ***********************User is updated***********************
2024-09-30 13:08:09.147 [main] INFO 
			api.TestCases.UserTests2 - ***********************Delete a User***********************
2024-09-30 13:08:09.615 [main] INFO 
			api.TestCases.UserTests2 - ***********************User is Deleted***********************
2024-09-30 13:09:07.041 [main] INFO 
			api.TestCases.UserTests2 - ***********************Create a User***********************
2024-09-30 13:09:11.677 [main] INFO 
			api.TestCases.UserTests2 - ***********************User is Created***********************
2024-09-30 13:09:11.690 [main] INFO 
			api.TestCases.UserTests2 - ***********************Read a User***********************
2024-09-30 13:09:12.192 [main] INFO 
			api.TestCases.UserTests2 - ***********************Displayed the user***********************
2024-09-30 13:09:12.206 [main] INFO 
			api.TestCases.UserTests2 - ***********************Update a User***********************
2024-09-30 13:09:13.125 [main] INFO 
			api.TestCases.UserTests2 - ***********************User is updated***********************
2024-09-30 13:09:13.132 [main] INFO 
			api.TestCases.UserTests2 - ***********************Delete a User***********************
2024-09-30 13:09:13.573 [main] INFO 
			api.TestCases.UserTests2 - ***********************User is Deleted***********************
