2024-09-30 09:42:24.052 [main] INFO 
			api.TestCases.UserTests2 - ***********************Create a User***********************
2024-09-30 09:42:26.518 [main] INFO 
			api.TestCases.UserTests2 - ***********************User is Created***********************
2024-09-30 09:42:26.526 [main] INFO 
			api.TestCases.UserTests2 - ***********************Read a User***********************
2024-09-30 09:42:26.976 [main] INFO 
			api.TestCases.UserTests2 - ***********************Displayed the user***********************
2024-09-30 09:42:26.979 [main] INFO 
			api.TestCases.UserTests2 - ***********************Update a User***********************
2024-09-30 09:42:27.835 [main] INFO 
			api.TestCases.UserTests2 - ***********************User is updated***********************
2024-09-30 09:42:27.837 [main] INFO 
			api.TestCases.UserTests2 - ***********************Delete a User***********************
2024-09-30 09:42:28.262 [main] INFO 
			api.TestCases.UserTests2 - ***********************User is Deleted***********************
2024-09-30 13:08:03.264 [main] INFO 
			api.TestCases.UserTests2 - ***********************Create a User***********************
2024-09-30 13:08:07.681 [main] INFO 
			api.TestCases.UserTests2 - ***********************User is Created***********************
2024-09-30 13:08:07.697 [main] INFO 
			api.TestCases.UserTests2 - ***********************Read a User***********************
2024-09-30 13:08:08.185 [main] INFO 
			api.TestCases.UserTests2 - ***********************Displayed the user***********************
2024-09-30 13:08:08.197 [main] INFO 
			api.TestCases.UserTests2 - ***********************Update a User***********************
2024-09-30 13:08:09.138 [main] INFO 
			api.TestCases.UserTests2 - ***********************User is updated***********************
2024-09-30 13:08:09.147 [main] INFO 
			api.TestCases.UserTests2 - ***********************Delete a User***********************
2024-09-30 13:08:09.615 [main] INFO 
			api.TestCases.UserTests2 - ***********************User is Deleted***********************
2024-09-30 13:09:07.041 [main] INFO 
			api.TestCases.UserTests2 - ***********************Create a User***********************
2024-09-30 13:09:11.677 [main] INFO 
			api.TestCases.UserTests2 - ***********************User is Created***********************
2024-09-30 13:09:11.690 [main] INFO 
			api.TestCases.UserTests2 - ***********************Read a User***********************
2024-09-30 13:09:12.192 [main] INFO 
			api.TestCases.UserTests2 - ***********************Displayed the user***********************
2024-09-30 13:09:12.206 [main] INFO 
			api.TestCases.UserTests2 - ***********************Update a User***********************
2024-09-30 13:09:13.125 [main] INFO 
			api.TestCases.UserTests2 - ***********************User is updated***********************
2024-09-30 13:09:13.132 [main] INFO 
			api.TestCases.UserTests2 - ***********************Delete a User***********************
2024-09-30 13:09:13.573 [main] INFO 
			api.TestCases.UserTests2 - ***********************User is Deleted***********************
